<?xml version="1.0" encoding="UTF-8"?>
<testng-results skipped="0" failed="0" ignored="0" total="0" passed="0">
  <reporter-output>
  </reporter-output>
  <suite name="com.test.TestScripts" duration-ms="5" started-at="2019-04-01T07:32:59Z" finished-at="2019-04-01T07:32:59Z">
    <groups>
    </groups>
    <test name="Command line test" duration-ms="5" started-at="2019-04-01T07:32:59Z" finished-at="2019-04-01T07:32:59Z">
    </test> <!-- Command line test -->
  </suite> <!-- com.test.TestScripts -->
</testng-results>
